Working directory: D:\Unity_Git\UnityProject\RPG\RPG\util\Excel2Json\

Loading: D:\Unity_Git\UnityProject\RPG\RPG\util\Excel2Json\CHARACTER_TEMPLATE.xlsx
Parsing: D:\Unity_Git\UnityProject\RPG\RPG\util\Excel2Json\CHARACTER_TEMPLATE.xlsx.$$$\Sheet1.csv
Closing: D:\Unity_Git\UnityProject\RPG\RPG\util\Excel2Json\CHARACTER_TEMPLATE.xlsx
------------------------------------------------------------------------------
[CHARACTER_TEMPLATE.xlsx(Sheet1): ROW 1]
Found object mark: '#CHARACTER_TEMPLATE{{}}'
Parsing Object Object Table...
Using key index: 1

Loading: D:\Unity_Git\UnityProject\RPG\RPG\util\Excel2Json\SKILL_DATA.xlsx
Parsing: D:\Unity_Git\UnityProject\RPG\RPG\util\Excel2Json\SKILL_DATA.xlsx.$$$\Sheet1.csv
Closing: D:\Unity_Git\UnityProject\RPG\RPG\util\Excel2Json\SKILL_DATA.xlsx
------------------------------------------------------------------------------
[SKILL_DATA.xlsx(Sheet1): ROW 1]
Found object mark: '#SKILL_DATA{{}}'
Parsing Object Object Table...
Using key index: 1

Loading: D:\Unity_Git\UnityProject\RPG\RPG\util\Excel2Json\SKILL_TEMPLATE.xlsx
Parsing: D:\Unity_Git\UnityProject\RPG\RPG\util\Excel2Json\SKILL_TEMPLATE.xlsx.$$$\Sheet1.csv
Closing: D:\Unity_Git\UnityProject\RPG\RPG\util\Excel2Json\SKILL_TEMPLATE.xlsx
------------------------------------------------------------------------------
[SKILL_TEMPLATE.xlsx(Sheet1): ROW 1]
Found object mark: '#SKILL_TEMPLATE{{}}'
Parsing Object Object Table...
Using key index: 1
